<?xml version="1.0" encoding="UTF-8"?>
<!-- Generated by org.testng.reporters.JUnitReportReporter -->
<testsuite hostname="66762997240454c" failures="0" tests="1" name="com.amdocs.cromatest.testcases.HomePageTest" time="17.848" errors="0" timestamp="2023-09-13T19:01:52 IST" skipped="0">
  <testcase classname="com.amdocs.cromatest.testcases.HomePageTest" name="loginTest" time="17.848"/>
  <system-out/>
</testsuite> <!-- com.amdocs.cromatest.testcases.HomePageTest -->
